Arguments: 
  C:\Program Files\nodejs\node.exe C:\Program Files (x86)\Yarn\bin\yarn.js

PATH: 
  C:\Users\DNA\bin;C:\Program Files\Git\mingw64\bin;C:\Program Files\Git\usr\local\bin;C:\Program Files\Git\usr\bin;C:\Program Files\Git\usr\bin;C:\Program Files\Git\mingw64\bin;C:\Program Files\Git\usr\bin;C:\Users\DNA\bin;C:\Program Files (x86)\Common Files\Oracle\Java\javapath;C:\Program Files (x86)\Common Files\Intel\Shared Libraries\redist\intel64\compiler;C:\Program Files\Docker\Docker\Resources\bin;C:\phantomjs-2.1.1-windows\bin;C:\WINDOWS\system32;C:\WINDOWS;C:\WINDOWS\System32\Wbem;C:\WINDOWS\System32\WindowsPowerShell\v1.0;C:\Users\DNA\AppData\Roaming\nvm;C:\Program Files\nodejs;C:\WINDOWS\System32\OpenSSH;C:\Program Files\PuTTY;C:\Program Files (x86)\Windows Kits\8.1\Windows Performance Toolkit;C:\Program Files\Git\cmd;C:\Program Files\Microsoft VS Code\bin;C:\Program Files (x86)\Yarn\bin;C:\Users\DNA\AppData\Local\Microsoft\WindowsApps;C:\Users\DNA\AppData\Roaming\npm;C:\Program Files\Microsoft VS Code\bin;C:\Users\DNA\AppData\Roaming\nvm;C:\Program Files\nodejs;C:\Program Files\Theme Kit;C:\Users\DNA\AppData\Local\Programs\Python\Python36;C:\Program Files\RethinkDB;C:\Users\DNA\AppData\Local\Yarn\bin;C:\Program Files\Git\usr\bin\vendor_perl;C:\Program Files\Git\usr\bin\core_perl

Yarn version: 
  1.17.3

Node version: 
  10.16.0

Platform: 
  win32 x64

Trace: 
  Error: https://registry.yarnpkg.com/react-scripts/-/react-scripts-0.7.0.tgz: ESOCKETTIMEDOUT
      at ClientRequest.<anonymous> (C:\Program Files (x86)\Yarn\lib\cli.js:141091:19)
      at Object.onceWrapper (events.js:286:20)
      at ClientRequest.emit (events.js:198:13)
      at TLSSocket.emitRequestTimeout (_http_client.js:662:40)
      at Object.onceWrapper (events.js:286:20)
      at TLSSocket.emit (events.js:198:13)
      at TLSSocket.Socket._onTimeout (net.js:442:8)
      at ontimeout (timers.js:436:11)
      at tryOnTimeout (timers.js:300:5)
      at listOnTimeout (timers.js:263:5)

npm manifest: 
  {
    "name": "react-interview",
    "version": "0.1.0",
    "private": true,
    "devDependencies": {
      "concurrently": "^3.1.0",
      "react-scripts": "0.7.0",
      "swapi-json-server": "git+https://github.com/joltup/swapi-json-server.git"
    },
    "dependencies": {
      "react": "16.2.0",
      "react-dom": "16.2.0"
    },
    "scripts": {
      "start": "./node_modules/.bin/concurrently \"cd ./node_modules/swapi-json-server && node app.js\" \"react-scripts start\"",
      "build": "react-scripts build",
      "test": "react-scripts test --env=jsdom",
      "eject": "react-scripts eject",
      "review": "atom . && npm install && npm start"
    }
  }

yarn manifest: 
  No manifest

Lockfile: 
  No lockfile
